0 info it worked if it ends with ok
1 verbose cli [ 'c:\\Program Files\\nodejs\\node.exe',
1 verbose cli   'c:\\Program Files\\nodejs\\node_modules\\npm\\bin\\npm-cli.js',
1 verbose cli   'install',
1 verbose cli   'zmq',
1 verbose cli   '--save' ]
2 info using npm@3.8.6
3 info using node@v6.1.0
4 silly loadCurrentTree Starting
5 silly install loadCurrentTree
6 silly install readLocalPackageData
7 silly fetchPackageMetaData zmq
8 silly fetchNamedPackageData zmq
9 silly mapToRegistry name zmq
10 silly mapToRegistry using default registry
11 silly mapToRegistry registry https://registry.npmjs.org/
12 silly mapToRegistry data Result {
12 silly mapToRegistry   raw: 'zmq',
12 silly mapToRegistry   scope: null,
12 silly mapToRegistry   name: 'zmq',
12 silly mapToRegistry   rawSpec: '',
12 silly mapToRegistry   spec: 'latest',
12 silly mapToRegistry   type: 'tag' }
13 silly mapToRegistry uri https://registry.npmjs.org/zmq
14 verbose request uri https://registry.npmjs.org/zmq
15 verbose request no auth needed
16 info attempt registry request try #1 at 17:04:19
17 verbose request id f248095d2ffa7f46
18 http request GET https://registry.npmjs.org/zmq
19 http 200 https://registry.npmjs.org/zmq
20 verbose headers { server: 'CouchDB/1.5.0 (Erlang OTP/R16B03)',
20 verbose headers   etag: '"1W8LJWIXU5ZGI5JMP71HWDEH3"',
20 verbose headers   'content-type': 'application/json',
20 verbose headers   'content-encoding': 'gzip',
20 verbose headers   'cache-control': 'max-age=300',
20 verbose headers   'content-length': '10230',
20 verbose headers   'accept-ranges': 'bytes',
20 verbose headers   date: 'Thu, 16 Jun 2016 09:04:20 GMT',
20 verbose headers   via: '1.1 varnish',
20 verbose headers   age: '175',
20 verbose headers   connection: 'close',
20 verbose headers   'x-served-by': 'cache-fra1240-FRA',
20 verbose headers   'x-cache': 'HIT',
20 verbose headers   'x-cache-hits': '1',
20 verbose headers   'x-timer': 'S1466067860.501689,VS0,VE2',
20 verbose headers   vary: 'Accept-Encoding' }
21 silly get cb [ 200,
21 silly get   { server: 'CouchDB/1.5.0 (Erlang OTP/R16B03)',
21 silly get     etag: '"1W8LJWIXU5ZGI5JMP71HWDEH3"',
21 silly get     'content-type': 'application/json',
21 silly get     'content-encoding': 'gzip',
21 silly get     'cache-control': 'max-age=300',
21 silly get     'content-length': '10230',
21 silly get     'accept-ranges': 'bytes',
21 silly get     date: 'Thu, 16 Jun 2016 09:04:20 GMT',
21 silly get     via: '1.1 varnish',
21 silly get     age: '175',
21 silly get     connection: 'close',
21 silly get     'x-served-by': 'cache-fra1240-FRA',
21 silly get     'x-cache': 'HIT',
21 silly get     'x-cache-hits': '1',
21 silly get     'x-timer': 'S1466067860.501689,VS0,VE2',
21 silly get     vary: 'Accept-Encoding' } ]
22 verbose get saving zmq to D:\userdata\vdmc34\Application Data\npm-cache\registry.npmjs.org\zmq\.cache.json
23 verbose correctMkdir D:\userdata\vdmc34\Application Data\npm-cache correctMkdir not in flight; initializing
24 silly install normalizeTree
25 silly loadCurrentTree Finishing
26 silly loadIdealTree Starting
27 silly install loadIdealTree
28 silly cloneCurrentTree Starting
29 silly install cloneCurrentTreeToIdealTree
30 silly cloneCurrentTree Finishing
31 silly loadShrinkwrap Starting
32 silly install loadShrinkwrap
33 silly loadShrinkwrap Finishing
34 silly loadAllDepsIntoIdealTree Starting
35 silly install loadAllDepsIntoIdealTree
36 silly resolveWithNewModule zmq@2.15.3 checking installable status
37 silly cache add args [ 'zmq', null ]
38 verbose cache add spec zmq
39 silly cache add parsed spec Result {
39 silly cache add   raw: 'zmq',
39 silly cache add   scope: null,
39 silly cache add   name: 'zmq',
39 silly cache add   rawSpec: '',
39 silly cache add   spec: 'latest',
39 silly cache add   type: 'tag' }
40 silly addNamed zmq@latest
41 verbose addNamed "latest" is being treated as a dist-tag for zmq
42 info addNameTag [ 'zmq', 'latest' ]
43 silly mapToRegistry name zmq
44 silly mapToRegistry using default registry
45 silly mapToRegistry registry https://registry.npmjs.org/
46 silly mapToRegistry data Result {
46 silly mapToRegistry   raw: 'zmq',
46 silly mapToRegistry   scope: null,
46 silly mapToRegistry   name: 'zmq',
46 silly mapToRegistry   rawSpec: '',
46 silly mapToRegistry   spec: 'latest',
46 silly mapToRegistry   type: 'tag' }
47 silly mapToRegistry uri https://registry.npmjs.org/zmq
48 verbose addNameTag registry:https://registry.npmjs.org/zmq not in flight; fetching
49 verbose get https://registry.npmjs.org/zmq not expired, no request
50 silly addNameTag next cb for zmq with tag latest
51 silly addNamed zmq@2.15.3
52 verbose addNamed "2.15.3" is a plain semver version for zmq
53 silly mapToRegistry name zmq
54 silly mapToRegistry using default registry
55 silly mapToRegistry registry https://registry.npmjs.org/
56 silly mapToRegistry data Result {
56 silly mapToRegistry   raw: 'zmq',
56 silly mapToRegistry   scope: null,
56 silly mapToRegistry   name: 'zmq',
56 silly mapToRegistry   rawSpec: '',
56 silly mapToRegistry   spec: 'latest',
56 silly mapToRegistry   type: 'tag' }
57 silly mapToRegistry uri https://registry.npmjs.org/zmq
58 verbose addRemoteTarball https://registry.npmjs.org/zmq/-/zmq-2.15.3.tgz not in flight; adding
59 verbose addRemoteTarball [ 'https://registry.npmjs.org/zmq/-/zmq-2.15.3.tgz',
59 verbose addRemoteTarball   '66c6de82cc36b09734b820703776490a6fbbe624' ]
60 info retry fetch attempt 1 at 17:04:21
61 info attempt registry request try #1 at 17:04:21
62 http fetch GET https://registry.npmjs.org/zmq/-/zmq-2.15.3.tgz
63 http fetch 200 https://registry.npmjs.org/zmq/-/zmq-2.15.3.tgz
64 silly fetchAndShaCheck shasum 66c6de82cc36b09734b820703776490a6fbbe624
65 verbose addTmpTarball C:\Users\vdmc34\AppData\Local\Temp\npm-29740-6f903ee3\registry.npmjs.org\zmq\-\zmq-2.15.3.tgz not in flight; adding
66 verbose addTmpTarball already have metadata; skipping unpack for zmq@2.15.3
67 verbose correctMkdir D:\userdata\vdmc34\Application Data\npm-cache correctMkdir not in flight; initializing
68 silly cache afterAdd zmq@2.15.3
69 verbose afterAdd D:\userdata\vdmc34\Application Data\npm-cache\zmq\2.15.3\package\package.json not in flight; writing
70 verbose correctMkdir D:\userdata\vdmc34\Application Data\npm-cache correctMkdir not in flight; initializing
71 verbose afterAdd D:\userdata\vdmc34\Application Data\npm-cache\zmq\2.15.3\package\package.json written
72 silly fetchNamedPackageData nan
73 silly mapToRegistry name nan
74 silly mapToRegistry using default registry
75 silly mapToRegistry registry https://registry.npmjs.org/
76 silly mapToRegistry data Result {
76 silly mapToRegistry   raw: 'nan',
76 silly mapToRegistry   scope: null,
76 silly mapToRegistry   name: 'nan',
76 silly mapToRegistry   rawSpec: '',
76 silly mapToRegistry   spec: 'latest',
76 silly mapToRegistry   type: 'tag' }
77 silly mapToRegistry uri https://registry.npmjs.org/nan
78 silly fetchNamedPackageData bindings
79 silly mapToRegistry name bindings
80 silly mapToRegistry using default registry
81 silly mapToRegistry registry https://registry.npmjs.org/
82 silly mapToRegistry data Result {
82 silly mapToRegistry   raw: 'bindings',
82 silly mapToRegistry   scope: null,
82 silly mapToRegistry   name: 'bindings',
82 silly mapToRegistry   rawSpec: '',
82 silly mapToRegistry   spec: 'latest',
82 silly mapToRegistry   type: 'tag' }
83 silly mapToRegistry uri https://registry.npmjs.org/bindings
84 verbose request uri https://registry.npmjs.org/bindings
85 verbose request no auth needed
86 info attempt registry request try #1 at 17:04:55
87 verbose etag "2RXG5K4RRQWEOOFOAOOKVPOZR"
88 http request GET https://registry.npmjs.org/bindings
89 verbose request uri https://registry.npmjs.org/nan
90 verbose request no auth needed
91 info attempt registry request try #1 at 17:04:55
92 verbose etag "A792ZB4LRJE9K13ELZ0UIQEDV"
93 http request GET https://registry.npmjs.org/nan
94 http 200 https://registry.npmjs.org/bindings
95 verbose headers { server: 'CouchDB/1.5.0 (Erlang OTP/R16B03)',
95 verbose headers   etag: '"33TX4J3DNTGF7K41ZUV6OA182"',
95 verbose headers   'content-type': 'application/json',
95 verbose headers   'content-encoding': 'gzip',
95 verbose headers   'cache-control': 'max-age=300',
95 verbose headers   'content-length': '3804',
95 verbose headers   'accept-ranges': 'bytes',
95 verbose headers   date: 'Thu, 16 Jun 2016 09:04:56 GMT',
95 verbose headers   via: '1.1 varnish',
95 verbose headers   age: '60',
95 verbose headers   connection: 'close',
95 verbose headers   'x-served-by': 'cache-fra1231-FRA',
95 verbose headers   'x-cache': 'HIT',
95 verbose headers   'x-cache-hits': '2',
95 verbose headers   'x-timer': 'S1466067896.213269,VS0,VE0',
95 verbose headers   vary: 'Accept-Encoding' }
96 silly get cb [ 200,
96 silly get   { server: 'CouchDB/1.5.0 (Erlang OTP/R16B03)',
96 silly get     etag: '"33TX4J3DNTGF7K41ZUV6OA182"',
96 silly get     'content-type': 'application/json',
96 silly get     'content-encoding': 'gzip',
96 silly get     'cache-control': 'max-age=300',
96 silly get     'content-length': '3804',
96 silly get     'accept-ranges': 'bytes',
96 silly get     date: 'Thu, 16 Jun 2016 09:04:56 GMT',
96 silly get     via: '1.1 varnish',
96 silly get     age: '60',
96 silly get     connection: 'close',
96 silly get     'x-served-by': 'cache-fra1231-FRA',
96 silly get     'x-cache': 'HIT',
96 silly get     'x-cache-hits': '2',
96 silly get     'x-timer': 'S1466067896.213269,VS0,VE0',
96 silly get     vary: 'Accept-Encoding' } ]
97 verbose get saving bindings to D:\userdata\vdmc34\Application Data\npm-cache\registry.npmjs.org\bindings\.cache.json
98 verbose correctMkdir D:\userdata\vdmc34\Application Data\npm-cache correctMkdir not in flight; initializing
99 silly resolveWithNewModule bindings@1.2.1 checking installable status
100 silly cache add args [ 'bindings@~1.2.1', null ]
101 verbose cache add spec bindings@~1.2.1
102 silly cache add parsed spec Result {
102 silly cache add   raw: 'bindings@~1.2.1',
102 silly cache add   scope: null,
102 silly cache add   name: 'bindings',
102 silly cache add   rawSpec: '~1.2.1',
102 silly cache add   spec: '>=1.2.1 <1.3.0',
102 silly cache add   type: 'range' }
103 silly addNamed bindings@>=1.2.1 <1.3.0
104 verbose addNamed ">=1.2.1 <1.3.0" is a valid semver range for bindings
105 silly addNameRange { name: 'bindings', range: '>=1.2.1 <1.3.0', hasData: false }
106 silly mapToRegistry name bindings
107 silly mapToRegistry using default registry
108 silly mapToRegistry registry https://registry.npmjs.org/
109 silly mapToRegistry data Result {
109 silly mapToRegistry   raw: 'bindings',
109 silly mapToRegistry   scope: null,
109 silly mapToRegistry   name: 'bindings',
109 silly mapToRegistry   rawSpec: '',
109 silly mapToRegistry   spec: 'latest',
109 silly mapToRegistry   type: 'tag' }
110 silly mapToRegistry uri https://registry.npmjs.org/bindings
111 verbose addNameRange registry:https://registry.npmjs.org/bindings not in flight; fetching
112 verbose get https://registry.npmjs.org/bindings not expired, no request
113 silly addNameRange number 2 { name: 'bindings', range: '>=1.2.1 <1.3.0', hasData: true }
114 silly addNameRange versions [ 'bindings',
114 silly addNameRange   [ '0.0.1',
114 silly addNameRange     '0.1.0',
114 silly addNameRange     '0.1.1',
114 silly addNameRange     '0.2.0',
114 silly addNameRange     '0.2.1',
114 silly addNameRange     '0.2.2',
114 silly addNameRange     '0.2.3',
114 silly addNameRange     '0.2.4',
114 silly addNameRange     '0.3.0',
114 silly addNameRange     '0.4.0',
114 silly addNameRange     '1.0.0',
114 silly addNameRange     '1.1.0',
114 silly addNameRange     '1.1.1',
114 silly addNameRange     '1.2.0',
114 silly addNameRange     '1.2.1' ] ]
115 silly addNamed bindings@1.2.1
116 verbose addNamed "1.2.1" is a plain semver version for bindings
117 silly cache afterAdd bindings@1.2.1
118 verbose afterAdd D:\userdata\vdmc34\Application Data\npm-cache\bindings\1.2.1\package\package.json not in flight; writing
119 verbose correctMkdir D:\userdata\vdmc34\Application Data\npm-cache correctMkdir not in flight; initializing
120 http 200 https://registry.npmjs.org/nan
121 verbose headers { server: 'CouchDB/1.5.0 (Erlang OTP/R16B03)',
121 verbose headers   etag: '"10VMD9HKM2FTY9WU1VCKY04MN"',
121 verbose headers   'content-type': 'application/json',
121 verbose headers   'content-encoding': 'gzip',
121 verbose headers   'cache-control': 'max-age=300',
121 verbose headers   'content-length': '16977',
121 verbose headers   'accept-ranges': 'bytes',
121 verbose headers   date: 'Thu, 16 Jun 2016 09:04:56 GMT',
121 verbose headers   via: '1.1 varnish',
121 verbose headers   age: '223',
121 verbose headers   connection: 'close',
121 verbose headers   'x-served-by': 'cache-fra1248-FRA',
121 verbose headers   'x-cache': 'HIT',
121 verbose headers   'x-cache-hits': '11',
121 verbose headers   'x-timer': 'S1466067896.201186,VS0,VE0',
121 verbose headers   vary: 'Accept-Encoding' }
122 silly get cb [ 200,
122 silly get   { server: 'CouchDB/1.5.0 (Erlang OTP/R16B03)',
122 silly get     etag: '"10VMD9HKM2FTY9WU1VCKY04MN"',
122 silly get     'content-type': 'application/json',
122 silly get     'content-encoding': 'gzip',
122 silly get     'cache-control': 'max-age=300',
122 silly get     'content-length': '16977',
122 silly get     'accept-ranges': 'bytes',
122 silly get     date: 'Thu, 16 Jun 2016 09:04:56 GMT',
122 silly get     via: '1.1 varnish',
122 silly get     age: '223',
122 silly get     connection: 'close',
122 silly get     'x-served-by': 'cache-fra1248-FRA',
122 silly get     'x-cache': 'HIT',
122 silly get     'x-cache-hits': '11',
122 silly get     'x-timer': 'S1466067896.201186,VS0,VE0',
122 silly get     vary: 'Accept-Encoding' } ]
123 verbose get saving nan to D:\userdata\vdmc34\Application Data\npm-cache\registry.npmjs.org\nan\.cache.json
124 verbose correctMkdir D:\userdata\vdmc34\Application Data\npm-cache correctMkdir not in flight; initializing
125 verbose afterAdd D:\userdata\vdmc34\Application Data\npm-cache\bindings\1.2.1\package\package.json written
126 silly resolveWithNewModule nan@2.3.5 checking installable status
127 silly cache add args [ 'nan@~2.3.0', null ]
128 verbose cache add spec nan@~2.3.0
129 silly cache add parsed spec Result {
129 silly cache add   raw: 'nan@~2.3.0',
129 silly cache add   scope: null,
129 silly cache add   name: 'nan',
129 silly cache add   rawSpec: '~2.3.0',
129 silly cache add   spec: '>=2.3.0 <2.4.0',
129 silly cache add   type: 'range' }
130 silly addNamed nan@>=2.3.0 <2.4.0
131 verbose addNamed ">=2.3.0 <2.4.0" is a valid semver range for nan
132 silly addNameRange { name: 'nan', range: '>=2.3.0 <2.4.0', hasData: false }
133 silly mapToRegistry name nan
134 silly mapToRegistry using default registry
135 silly mapToRegistry registry https://registry.npmjs.org/
136 silly mapToRegistry data Result {
136 silly mapToRegistry   raw: 'nan',
136 silly mapToRegistry   scope: null,
136 silly mapToRegistry   name: 'nan',
136 silly mapToRegistry   rawSpec: '',
136 silly mapToRegistry   spec: 'latest',
136 silly mapToRegistry   type: 'tag' }
137 silly mapToRegistry uri https://registry.npmjs.org/nan
138 verbose addNameRange registry:https://registry.npmjs.org/nan not in flight; fetching
139 verbose get https://registry.npmjs.org/nan not expired, no request
140 silly addNameRange number 2 { name: 'nan', range: '>=2.3.0 <2.4.0', hasData: true }
141 silly addNameRange versions [ 'nan',
141 silly addNameRange   [ '0.3.0-wip',
141 silly addNameRange     '0.3.0-wip2',
141 silly addNameRange     '0.3.0',
141 silly addNameRange     '0.3.1',
141 silly addNameRange     '0.3.2',
141 silly addNameRange     '0.4.0',
141 silly addNameRange     '0.4.1',
141 silly addNameRange     '0.4.2',
141 silly addNameRange     '0.4.3',
141 silly addNameRange     '0.4.4',
141 silly addNameRange     '0.5.0',
141 silly addNameRange     '0.5.1',
141 silly addNameRange     '0.5.2',
141 silly addNameRange     '0.6.0',
141 silly addNameRange     '0.7.0',
141 silly addNameRange     '0.7.1',
141 silly addNameRange     '0.8.0',
141 silly addNameRange     '1.0.0',
141 silly addNameRange     '1.1.0',
141 silly addNameRange     '1.1.1',
141 silly addNameRange     '1.1.2',
141 silly addNameRange     '1.2.0',
141 silly addNameRange     '1.3.0',
141 silly addNameRange     '1.4.0',
141 silly addNameRange     '1.4.1',
141 silly addNameRange     '1.5.0',
141 silly addNameRange     '1.4.2',
141 silly addNameRange     '1.4.3',
141 silly addNameRange     '1.5.1',
141 silly addNameRange     '1.5.2',
141 silly addNameRange     '1.6.0',
141 silly addNameRange     '1.5.3',
141 silly addNameRange     '1.6.1',
141 silly addNameRange     '1.6.2',
141 silly addNameRange     '1.7.0',
141 silly addNameRange     '1.8.0',
141 silly addNameRange     '1.8.1',
141 silly addNameRange     '1.8.2',
141 silly addNameRange     '1.8.3',
141 silly addNameRange     '1.8.4',
141 silly addNameRange     '1.9.0',
141 silly addNameRange     '2.0.0',
141 silly addNameRange     '2.0.1',
141 silly addNameRange     '2.0.2',
141 silly addNameRange     '2.0.3',
141 silly addNameRange     '2.0.4',
141 silly addNameRange     '2.0.5',
141 silly addNameRange     '2.0.6',
141 silly addNameRange     '2.0.7',
141 silly addNameRange     '2.0.8',
141 silly addNameRange     '2.0.9',
141 silly addNameRange     '2.1.0',
141 silly addNameRange     '2.2.0',
141 silly addNameRange     '2.2.1',
141 silly addNameRange     '2.3.0',
141 silly addNameRange     '2.3.1',
141 silly addNameRange     '2.3.2',
141 silly addNameRange     '2.3.3',
141 silly addNameRange     '2.3.4',
141 silly addNameRange     '2.3.5' ] ]
142 silly addNamed nan@2.3.5
143 verbose addNamed "2.3.5" is a plain semver version for nan
144 silly mapToRegistry name nan
145 silly mapToRegistry using default registry
146 silly mapToRegistry registry https://registry.npmjs.org/
147 silly mapToRegistry data Result {
147 silly mapToRegistry   raw: 'nan',
147 silly mapToRegistry   scope: null,
147 silly mapToRegistry   name: 'nan',
147 silly mapToRegistry   rawSpec: '',
147 silly mapToRegistry   spec: 'latest',
147 silly mapToRegistry   type: 'tag' }
148 silly mapToRegistry uri https://registry.npmjs.org/nan
149 verbose addRemoteTarball https://registry.npmjs.org/nan/-/nan-2.3.5.tgz not in flight; adding
150 verbose addRemoteTarball [ 'https://registry.npmjs.org/nan/-/nan-2.3.5.tgz',
150 verbose addRemoteTarball   '822a0dc266290ce4cd3a12282ca3e7e364668a08' ]
151 info retry fetch attempt 1 at 17:04:56
152 info attempt registry request try #1 at 17:04:56
153 http fetch GET https://registry.npmjs.org/nan/-/nan-2.3.5.tgz
154 http fetch 200 https://registry.npmjs.org/nan/-/nan-2.3.5.tgz
155 silly fetchAndShaCheck shasum 822a0dc266290ce4cd3a12282ca3e7e364668a08
156 verbose addTmpTarball C:\Users\vdmc34\AppData\Local\Temp\npm-29740-6f903ee3\registry.npmjs.org\nan\-\nan-2.3.5.tgz not in flight; adding
157 verbose addTmpTarball already have metadata; skipping unpack for nan@2.3.5
158 verbose correctMkdir D:\userdata\vdmc34\Application Data\npm-cache correctMkdir not in flight; initializing
159 silly cache afterAdd nan@2.3.5
160 verbose afterAdd D:\userdata\vdmc34\Application Data\npm-cache\nan\2.3.5\package\package.json not in flight; writing
161 verbose correctMkdir D:\userdata\vdmc34\Application Data\npm-cache correctMkdir not in flight; initializing
162 verbose afterAdd D:\userdata\vdmc34\Application Data\npm-cache\nan\2.3.5\package\package.json written
163 silly loadAllDepsIntoIdealTree Finishing
164 silly idealTree:prePrune autoVegetable@0.0.0
164 silly idealTree:prePrune +-- accepts@1.2.13
164 silly idealTree:prePrune +-- acorn-globals@1.0.9
164 silly idealTree:prePrune +-- acorn@2.7.0
164 silly idealTree:prePrune +-- align-text@0.1.4
164 silly idealTree:prePrune +-- amdefine@1.0.0
164 silly idealTree:prePrune +-- array-flatten@1.1.1
164 silly idealTree:prePrune +-- asap@1.0.0
164 silly idealTree:prePrune +-- async@0.2.10
164 silly idealTree:prePrune +-- basic-auth@1.0.4
164 silly idealTree:prePrune +-- bindings@1.2.1
164 silly idealTree:prePrune +-- bluebird@3.3.5
164 silly idealTree:prePrune +-- body-parser@1.13.3
164 silly idealTree:prePrune +-- bytes@2.1.0
164 silly idealTree:prePrune +-- c3@0.4.11
164 silly idealTree:prePrune +-- camelcase@1.2.1
164 silly idealTree:prePrune +-- center-align@0.1.3
164 silly idealTree:prePrune +-- character-parser@1.2.1
164 silly idealTree:prePrune +-- clean-css@3.4.12
164 silly idealTree:prePrune | `-- commander@2.8.1
164 silly idealTree:prePrune +-- cliui@2.1.0
164 silly idealTree:prePrune | `-- wordwrap@0.0.2
164 silly idealTree:prePrune +-- commander@2.6.0
164 silly idealTree:prePrune +-- constantinople@3.0.2
164 silly idealTree:prePrune +-- content-disposition@0.5.1
164 silly idealTree:prePrune +-- content-type@1.0.2
164 silly idealTree:prePrune +-- cookie-parser@1.3.5
164 silly idealTree:prePrune +-- cookie-signature@1.0.6
164 silly idealTree:prePrune +-- cookie@0.1.3
164 silly idealTree:prePrune +-- css-parse@1.0.4
164 silly idealTree:prePrune +-- css-stringify@1.0.5
164 silly idealTree:prePrune +-- css@1.0.8
164 silly idealTree:prePrune +-- d3@3.5.17
164 silly idealTree:prePrune +-- debug@2.2.0
164 silly idealTree:prePrune +-- decamelize@1.2.0
164 silly idealTree:prePrune +-- depd@1.0.1
164 silly idealTree:prePrune +-- destroy@1.0.4
164 silly idealTree:prePrune +-- ee-first@1.1.1
164 silly idealTree:prePrune +-- escape-html@1.0.3
164 silly idealTree:prePrune +-- etag@1.7.0
164 silly idealTree:prePrune +-- express@4.13.4
164 silly idealTree:prePrune | +-- cookie@0.1.5
164 silly idealTree:prePrune | `-- depd@1.1.0
164 silly idealTree:prePrune +-- finalhandler@0.4.1
164 silly idealTree:prePrune +-- forwarded@0.1.0
164 silly idealTree:prePrune +-- fresh@0.3.0
164 silly idealTree:prePrune +-- graceful-readlink@1.0.1
164 silly idealTree:prePrune +-- http-errors@1.3.1
164 silly idealTree:prePrune +-- iconv-lite@0.4.11
164 silly idealTree:prePrune +-- inherits@2.0.1
164 silly idealTree:prePrune +-- ipaddr.js@1.0.5
164 silly idealTree:prePrune +-- is-buffer@1.1.3
164 silly idealTree:prePrune +-- is-promise@2.1.0
164 silly idealTree:prePrune +-- jade@1.11.0
164 silly idealTree:prePrune +-- jstransformer@0.0.2
164 silly idealTree:prePrune +-- kind-of@3.0.3
164 silly idealTree:prePrune +-- lazy-cache@1.0.4
164 silly idealTree:prePrune +-- longest@1.0.1
164 silly idealTree:prePrune +-- media-typer@0.3.0
164 silly idealTree:prePrune +-- merge-descriptors@1.0.1
164 silly idealTree:prePrune +-- methods@1.1.2
164 silly idealTree:prePrune +-- mime-db@1.23.0
164 silly idealTree:prePrune +-- mime-types@2.1.11
164 silly idealTree:prePrune +-- mime@1.3.4
164 silly idealTree:prePrune +-- minimist@0.0.8
164 silly idealTree:prePrune +-- mkdirp@0.5.1
164 silly idealTree:prePrune +-- morgan@1.6.1
164 silly idealTree:prePrune +-- ms@0.7.1
164 silly idealTree:prePrune +-- nan@2.3.5
164 silly idealTree:prePrune +-- negotiator@0.5.3
164 silly idealTree:prePrune +-- on-finished@2.3.0
164 silly idealTree:prePrune +-- on-headers@1.0.1
164 silly idealTree:prePrune +-- optimist@0.3.7
164 silly idealTree:prePrune +-- parseurl@1.3.1
164 silly idealTree:prePrune +-- path-to-regexp@0.1.7
164 silly idealTree:prePrune +-- promise@6.1.0
164 silly idealTree:prePrune +-- proxy-addr@1.0.10
164 silly idealTree:prePrune +-- qs@4.0.0
164 silly idealTree:prePrune +-- range-parser@1.0.3
164 silly idealTree:prePrune +-- raw-body@2.1.6
164 silly idealTree:prePrune | +-- bytes@2.3.0
164 silly idealTree:prePrune | `-- iconv-lite@0.4.13
164 silly idealTree:prePrune +-- repeat-string@1.5.4
164 silly idealTree:prePrune +-- right-align@0.1.3
164 silly idealTree:prePrune +-- send@0.13.1
164 silly idealTree:prePrune | `-- depd@1.1.0
164 silly idealTree:prePrune +-- serve-favicon@2.3.0
164 silly idealTree:prePrune +-- serve-static@1.10.2
164 silly idealTree:prePrune +-- source-map@0.4.4
164 silly idealTree:prePrune +-- statuses@1.2.1
164 silly idealTree:prePrune +-- struct@0.0.10
164 silly idealTree:prePrune +-- transformers@2.1.0
164 silly idealTree:prePrune | +-- is-promise@1.0.1
164 silly idealTree:prePrune | +-- promise@2.0.0
164 silly idealTree:prePrune | +-- source-map@0.1.43
164 silly idealTree:prePrune | `-- uglify-js@2.2.5
164 silly idealTree:prePrune +-- type-is@1.6.12
164 silly idealTree:prePrune +-- uglify-js@2.6.2
164 silly idealTree:prePrune | `-- source-map@0.5.6
164 silly idealTree:prePrune +-- uglify-to-browserify@1.0.2
164 silly idealTree:prePrune +-- underscore@1.8.3
164 silly idealTree:prePrune +-- unpipe@1.0.0
164 silly idealTree:prePrune +-- utils-merge@1.0.0
164 silly idealTree:prePrune +-- vary@1.0.1
164 silly idealTree:prePrune +-- void-elements@2.0.1
164 silly idealTree:prePrune +-- window-size@0.1.0
164 silly idealTree:prePrune +-- with@4.0.3
164 silly idealTree:prePrune | `-- acorn@1.2.2
164 silly idealTree:prePrune +-- wordwrap@0.0.3
164 silly idealTree:prePrune +-- yargs@3.10.0
164 silly idealTree:prePrune `-- zmq@2.15.3
165 silly loadIdealTree Finishing
166 silly currentTree autoVegetable@0.0.0
166 silly currentTree +-- accepts@1.2.13
166 silly currentTree +-- acorn-globals@1.0.9
166 silly currentTree +-- acorn@2.7.0
166 silly currentTree +-- align-text@0.1.4
166 silly currentTree +-- amdefine@1.0.0
166 silly currentTree +-- array-flatten@1.1.1
166 silly currentTree +-- asap@1.0.0
166 silly currentTree +-- async@0.2.10
166 silly currentTree +-- basic-auth@1.0.4
166 silly currentTree +-- bluebird@3.3.5
166 silly currentTree +-- body-parser@1.13.3
166 silly currentTree +-- bytes@2.1.0
166 silly currentTree +-- c3@0.4.11
166 silly currentTree +-- camelcase@1.2.1
166 silly currentTree +-- center-align@0.1.3
166 silly currentTree +-- character-parser@1.2.1
166 silly currentTree +-- clean-css@3.4.12
166 silly currentTree | `-- commander@2.8.1
166 silly currentTree +-- cliui@2.1.0
166 silly currentTree | `-- wordwrap@0.0.2
166 silly currentTree +-- commander@2.6.0
166 silly currentTree +-- constantinople@3.0.2
166 silly currentTree +-- content-disposition@0.5.1
166 silly currentTree +-- content-type@1.0.2
166 silly currentTree +-- cookie-parser@1.3.5
166 silly currentTree +-- cookie-signature@1.0.6
166 silly currentTree +-- cookie@0.1.3
166 silly currentTree +-- css-parse@1.0.4
166 silly currentTree +-- css-stringify@1.0.5
166 silly currentTree +-- css@1.0.8
166 silly currentTree +-- d3@3.5.17
166 silly currentTree +-- debug@2.2.0
166 silly currentTree +-- decamelize@1.2.0
166 silly currentTree +-- depd@1.0.1
166 silly currentTree +-- destroy@1.0.4
166 silly currentTree +-- ee-first@1.1.1
166 silly currentTree +-- escape-html@1.0.3
166 silly currentTree +-- etag@1.7.0
166 silly currentTree +-- express@4.13.4
166 silly currentTree | +-- cookie@0.1.5
166 silly currentTree | `-- depd@1.1.0
166 silly currentTree +-- finalhandler@0.4.1
166 silly currentTree +-- forwarded@0.1.0
166 silly currentTree +-- fresh@0.3.0
166 silly currentTree +-- graceful-readlink@1.0.1
166 silly currentTree +-- http-errors@1.3.1
166 silly currentTree +-- iconv-lite@0.4.11
166 silly currentTree +-- inherits@2.0.1
166 silly currentTree +-- ipaddr.js@1.0.5
166 silly currentTree +-- is-buffer@1.1.3
166 silly currentTree +-- is-promise@2.1.0
166 silly currentTree +-- jade@1.11.0
166 silly currentTree +-- jstransformer@0.0.2
166 silly currentTree +-- kind-of@3.0.3
166 silly currentTree +-- lazy-cache@1.0.4
166 silly currentTree +-- longest@1.0.1
166 silly currentTree +-- media-typer@0.3.0
166 silly currentTree +-- merge-descriptors@1.0.1
166 silly currentTree +-- methods@1.1.2
166 silly currentTree +-- mime-db@1.23.0
166 silly currentTree +-- mime-types@2.1.11
166 silly currentTree +-- mime@1.3.4
166 silly currentTree +-- minimist@0.0.8
166 silly currentTree +-- mkdirp@0.5.1
166 silly currentTree +-- morgan@1.6.1
166 silly currentTree +-- ms@0.7.1
166 silly currentTree +-- negotiator@0.5.3
166 silly currentTree +-- on-finished@2.3.0
166 silly currentTree +-- on-headers@1.0.1
166 silly currentTree +-- optimist@0.3.7
166 silly currentTree +-- parseurl@1.3.1
166 silly currentTree +-- path-to-regexp@0.1.7
166 silly currentTree +-- promise@6.1.0
166 silly currentTree +-- proxy-addr@1.0.10
166 silly currentTree +-- qs@4.0.0
166 silly currentTree +-- range-parser@1.0.3
166 silly currentTree +-- raw-body@2.1.6
166 silly currentTree | +-- bytes@2.3.0
166 silly currentTree | `-- iconv-lite@0.4.13
166 silly currentTree +-- repeat-string@1.5.4
166 silly currentTree +-- right-align@0.1.3
166 silly currentTree +-- send@0.13.1
166 silly currentTree | `-- depd@1.1.0
166 silly currentTree +-- serve-favicon@2.3.0
166 silly currentTree +-- serve-static@1.10.2
166 silly currentTree +-- source-map@0.4.4
166 silly currentTree +-- statuses@1.2.1
166 silly currentTree +-- struct@0.0.10
166 silly currentTree +-- transformers@2.1.0
166 silly currentTree | +-- is-promise@1.0.1
166 silly currentTree | +-- promise@2.0.0
166 silly currentTree | +-- source-map@0.1.43
166 silly currentTree | `-- uglify-js@2.2.5
166 silly currentTree +-- type-is@1.6.12
166 silly currentTree +-- uglify-js@2.6.2
166 silly currentTree | `-- source-map@0.5.6
166 silly currentTree +-- uglify-to-browserify@1.0.2
166 silly currentTree +-- underscore@1.8.3
166 silly currentTree +-- unpipe@1.0.0
166 silly currentTree +-- utils-merge@1.0.0
166 silly currentTree +-- vary@1.0.1
166 silly currentTree +-- void-elements@2.0.1
166 silly currentTree +-- window-size@0.1.0
166 silly currentTree +-- with@4.0.3
166 silly currentTree | `-- acorn@1.2.2
166 silly currentTree +-- wordwrap@0.0.3
166 silly currentTree `-- yargs@3.10.0
167 silly idealTree autoVegetable@0.0.0
167 silly idealTree +-- accepts@1.2.13
167 silly idealTree +-- acorn-globals@1.0.9
167 silly idealTree +-- acorn@2.7.0
167 silly idealTree +-- align-text@0.1.4
167 silly idealTree +-- amdefine@1.0.0
167 silly idealTree +-- array-flatten@1.1.1
167 silly idealTree +-- asap@1.0.0
167 silly idealTree +-- async@0.2.10
167 silly idealTree +-- basic-auth@1.0.4
167 silly idealTree +-- bindings@1.2.1
167 silly idealTree +-- bluebird@3.3.5
167 silly idealTree +-- body-parser@1.13.3
167 silly idealTree +-- bytes@2.1.0
167 silly idealTree +-- c3@0.4.11
167 silly idealTree +-- camelcase@1.2.1
167 silly idealTree +-- center-align@0.1.3
167 silly idealTree +-- character-parser@1.2.1
167 silly idealTree +-- clean-css@3.4.12
167 silly idealTree | `-- commander@2.8.1
167 silly idealTree +-- cliui@2.1.0
167 silly idealTree | `-- wordwrap@0.0.2
167 silly idealTree +-- commander@2.6.0
167 silly idealTree +-- constantinople@3.0.2
167 silly idealTree +-- content-disposition@0.5.1
167 silly idealTree +-- content-type@1.0.2
167 silly idealTree +-- cookie-parser@1.3.5
167 silly idealTree +-- cookie-signature@1.0.6
167 silly idealTree +-- cookie@0.1.3
167 silly idealTree +-- css-parse@1.0.4
167 silly idealTree +-- css-stringify@1.0.5
167 silly idealTree +-- css@1.0.8
167 silly idealTree +-- d3@3.5.17
167 silly idealTree +-- debug@2.2.0
167 silly idealTree +-- decamelize@1.2.0
167 silly idealTree +-- depd@1.0.1
167 silly idealTree +-- destroy@1.0.4
167 silly idealTree +-- ee-first@1.1.1
167 silly idealTree +-- escape-html@1.0.3
167 silly idealTree +-- etag@1.7.0
167 silly idealTree +-- express@4.13.4
167 silly idealTree | +-- cookie@0.1.5
167 silly idealTree | `-- depd@1.1.0
167 silly idealTree +-- finalhandler@0.4.1
167 silly idealTree +-- forwarded@0.1.0
167 silly idealTree +-- fresh@0.3.0
167 silly idealTree +-- graceful-readlink@1.0.1
167 silly idealTree +-- http-errors@1.3.1
167 silly idealTree +-- iconv-lite@0.4.11
167 silly idealTree +-- inherits@2.0.1
167 silly idealTree +-- ipaddr.js@1.0.5
167 silly idealTree +-- is-buffer@1.1.3
167 silly idealTree +-- is-promise@2.1.0
167 silly idealTree +-- jade@1.11.0
167 silly idealTree +-- jstransformer@0.0.2
167 silly idealTree +-- kind-of@3.0.3
167 silly idealTree +-- lazy-cache@1.0.4
167 silly idealTree +-- longest@1.0.1
167 silly idealTree +-- media-typer@0.3.0
167 silly idealTree +-- merge-descriptors@1.0.1
167 silly idealTree +-- methods@1.1.2
167 silly idealTree +-- mime-db@1.23.0
167 silly idealTree +-- mime-types@2.1.11
167 silly idealTree +-- mime@1.3.4
167 silly idealTree +-- minimist@0.0.8
167 silly idealTree +-- mkdirp@0.5.1
167 silly idealTree +-- morgan@1.6.1
167 silly idealTree +-- ms@0.7.1
167 silly idealTree +-- nan@2.3.5
167 silly idealTree +-- negotiator@0.5.3
167 silly idealTree +-- on-finished@2.3.0
167 silly idealTree +-- on-headers@1.0.1
167 silly idealTree +-- optimist@0.3.7
167 silly idealTree +-- parseurl@1.3.1
167 silly idealTree +-- path-to-regexp@0.1.7
167 silly idealTree +-- promise@6.1.0
167 silly idealTree +-- proxy-addr@1.0.10
167 silly idealTree +-- qs@4.0.0
167 silly idealTree +-- range-parser@1.0.3
167 silly idealTree +-- raw-body@2.1.6
167 silly idealTree | +-- bytes@2.3.0
167 silly idealTree | `-- iconv-lite@0.4.13
167 silly idealTree +-- repeat-string@1.5.4
167 silly idealTree +-- right-align@0.1.3
167 silly idealTree +-- send@0.13.1
167 silly idealTree | `-- depd@1.1.0
167 silly idealTree +-- serve-favicon@2.3.0
167 silly idealTree +-- serve-static@1.10.2
167 silly idealTree +-- source-map@0.4.4
167 silly idealTree +-- statuses@1.2.1
167 silly idealTree +-- struct@0.0.10
167 silly idealTree +-- transformers@2.1.0
167 silly idealTree | +-- is-promise@1.0.1
167 silly idealTree | +-- promise@2.0.0
167 silly idealTree | +-- source-map@0.1.43
167 silly idealTree | `-- uglify-js@2.2.5
167 silly idealTree +-- type-is@1.6.12
167 silly idealTree +-- uglify-js@2.6.2
167 silly idealTree | `-- source-map@0.5.6
167 silly idealTree +-- uglify-to-browserify@1.0.2
167 silly idealTree +-- underscore@1.8.3
167 silly idealTree +-- unpipe@1.0.0
167 silly idealTree +-- utils-merge@1.0.0
167 silly idealTree +-- vary@1.0.1
167 silly idealTree +-- void-elements@2.0.1
167 silly idealTree +-- window-size@0.1.0
167 silly idealTree +-- with@4.0.3
167 silly idealTree | `-- acorn@1.2.2
167 silly idealTree +-- wordwrap@0.0.3
167 silly idealTree +-- yargs@3.10.0
167 silly idealTree `-- zmq@2.15.3
168 silly generateActionsToTake Starting
169 silly install generateActionsToTake
170 silly generateActionsToTake Finishing
171 silly diffTrees action count 4
172 silly diffTrees add bindings@1.2.1
173 silly diffTrees add nan@2.3.5
174 silly diffTrees update struct@0.0.10
175 silly diffTrees add zmq@2.15.3
176 silly decomposeActions action count 32
177 silly decomposeActions fetch bindings@1.2.1
178 silly decomposeActions extract bindings@1.2.1
179 silly decomposeActions test bindings@1.2.1
180 silly decomposeActions preinstall bindings@1.2.1
181 silly decomposeActions build bindings@1.2.1
182 silly decomposeActions install bindings@1.2.1
183 silly decomposeActions postinstall bindings@1.2.1
184 silly decomposeActions finalize bindings@1.2.1
185 silly decomposeActions fetch nan@2.3.5
186 silly decomposeActions extract nan@2.3.5
187 silly decomposeActions test nan@2.3.5
188 silly decomposeActions preinstall nan@2.3.5
189 silly decomposeActions build nan@2.3.5
190 silly decomposeActions install nan@2.3.5
191 silly decomposeActions postinstall nan@2.3.5
192 silly decomposeActions finalize nan@2.3.5
193 silly decomposeActions fetch struct@0.0.10
194 silly decomposeActions extract struct@0.0.10
195 silly decomposeActions test struct@0.0.10
196 silly decomposeActions preinstall struct@0.0.10
197 silly decomposeActions build struct@0.0.10
198 silly decomposeActions install struct@0.0.10
199 silly decomposeActions postinstall struct@0.0.10
200 silly decomposeActions finalize struct@0.0.10
201 silly decomposeActions fetch zmq@2.15.3
202 silly decomposeActions extract zmq@2.15.3
203 silly decomposeActions test zmq@2.15.3
204 silly decomposeActions preinstall zmq@2.15.3
205 silly decomposeActions build zmq@2.15.3
206 silly decomposeActions install zmq@2.15.3
207 silly decomposeActions postinstall zmq@2.15.3
208 silly decomposeActions finalize zmq@2.15.3
209 silly executeActions Starting
210 silly install executeActions
211 silly doSerial global-install 0
212 silly doParallel fetch 4
213 verbose correctMkdir D:\userdata\vdmc34\Application Data\npm-cache\_locks correctMkdir not in flight; initializing
214 verbose lock using D:\userdata\vdmc34\Application Data\npm-cache\_locks\staging-905ff2b7c9dfc2a4.lock for d:\work\arduino\autoVegetable\controlBoard\autoVegetable\node_modules\.staging
215 silly doParallel extract 4
216 silly extract bindings@1.2.1
217 silly extract nan@2.3.5
218 silly extract struct@0.0.10
219 silly extract zmq@2.15.3
220 verbose unbuild node_modules\.staging\bindings-7a660f44
221 verbose unbuild node_modules\.staging\nan-ede39c5c
222 verbose unbuild node_modules\.staging\zmq-a1f6a959
223 silly gentlyRm d:\work\arduino\autoVegetable\controlBoard\autoVegetable\node_modules\.staging\bindings-7a660f44 is being purged from base d:\work\arduino\autoVegetable\controlBoard\autoVegetable
224 verbose gentlyRm don't care about contents; nuking d:\work\arduino\autoVegetable\controlBoard\autoVegetable\node_modules\.staging\bindings-7a660f44
225 silly gentlyRm d:\work\arduino\autoVegetable\controlBoard\autoVegetable\node_modules\.staging\nan-ede39c5c is being purged from base d:\work\arduino\autoVegetable\controlBoard\autoVegetable
226 verbose gentlyRm don't care about contents; nuking d:\work\arduino\autoVegetable\controlBoard\autoVegetable\node_modules\.staging\nan-ede39c5c
227 verbose tar unpack D:\userdata\vdmc34\Application Data\npm-cache\bindings\1.2.1\package.tgz
228 verbose tar unpacking to d:\work\arduino\autoVegetable\controlBoard\autoVegetable\node_modules\.staging\bindings-7a660f44
229 silly gentlyRm d:\work\arduino\autoVegetable\controlBoard\autoVegetable\node_modules\.staging\bindings-7a660f44 is being purged
230 verbose gentlyRm don't care about contents; nuking d:\work\arduino\autoVegetable\controlBoard\autoVegetable\node_modules\.staging\bindings-7a660f44
231 verbose tar unpack D:\userdata\vdmc34\Application Data\npm-cache\nan\2.3.5\package.tgz
232 verbose tar unpacking to d:\work\arduino\autoVegetable\controlBoard\autoVegetable\node_modules\.staging\nan-ede39c5c
233 silly gentlyRm d:\work\arduino\autoVegetable\controlBoard\autoVegetable\node_modules\.staging\nan-ede39c5c is being purged
234 verbose gentlyRm don't care about contents; nuking d:\work\arduino\autoVegetable\controlBoard\autoVegetable\node_modules\.staging\nan-ede39c5c
235 silly gentlyRm d:\work\arduino\autoVegetable\controlBoard\autoVegetable\node_modules\.staging\zmq-a1f6a959 is being purged from base d:\work\arduino\autoVegetable\controlBoard\autoVegetable
236 verbose gentlyRm don't care about contents; nuking d:\work\arduino\autoVegetable\controlBoard\autoVegetable\node_modules\.staging\zmq-a1f6a959
237 silly gunzTarPerm modes [ '777', '666' ]
238 silly gunzTarPerm modes [ '777', '666' ]
239 verbose tar unpack D:\userdata\vdmc34\Application Data\npm-cache\zmq\2.15.3\package.tgz
240 verbose tar unpacking to d:\work\arduino\autoVegetable\controlBoard\autoVegetable\node_modules\.staging\zmq-a1f6a959
241 silly gentlyRm d:\work\arduino\autoVegetable\controlBoard\autoVegetable\node_modules\.staging\zmq-a1f6a959 is being purged
242 verbose gentlyRm don't care about contents; nuking d:\work\arduino\autoVegetable\controlBoard\autoVegetable\node_modules\.staging\zmq-a1f6a959
243 silly gunzTarPerm modes [ '777', '666' ]
244 silly gunzTarPerm extractEntry package.json
245 silly gunzTarPerm modified mode [ 'package.json', 420, 438 ]
246 silly gunzTarPerm extractEntry package.json
247 silly gunzTarPerm modified mode [ 'package.json', 436, 438 ]
248 silly gunzTarPerm extractEntry package.json
249 silly gunzTarPerm modified mode [ 'package.json', 420, 438 ]
250 silly gunzTarPerm extractEntry README.md
251 silly gunzTarPerm modified mode [ 'README.md', 436, 438 ]
252 silly gunzTarPerm extractEntry README.md
253 silly gunzTarPerm modified mode [ 'README.md', 420, 438 ]
254 silly gunzTarPerm extractEntry bindings.js
255 silly gunzTarPerm modified mode [ 'bindings.js', 420, 438 ]
256 silly gunzTarPerm extractEntry include_dirs.js
257 silly gunzTarPerm modified mode [ 'include_dirs.js', 436, 438 ]
258 silly gunzTarPerm extractEntry .npmignore
259 silly gunzTarPerm modified mode [ '.npmignore', 420, 438 ]
260 silly gunzTarPerm extractEntry README.md
261 silly gunzTarPerm modified mode [ 'README.md', 420, 438 ]
262 verbose unbuild node_modules\.staging\struct-005183c7
263 silly gunzTarPerm extractEntry nan_converters.h
264 silly gunzTarPerm modified mode [ 'nan_converters.h', 436, 438 ]
265 silly gunzTarPerm extractEntry LICENSE.md
266 silly gunzTarPerm modified mode [ 'LICENSE.md', 436, 438 ]
267 silly gunzTarPerm extractEntry doc/node_misc.md
268 silly gunzTarPerm modified mode [ 'doc/node_misc.md', 436, 438 ]
269 silly gentlyRm d:\work\arduino\autoVegetable\controlBoard\autoVegetable\node_modules\.staging\struct-005183c7 is being purged from base d:\work\arduino\autoVegetable\controlBoard\autoVegetable
270 verbose gentlyRm don't care about contents; nuking d:\work\arduino\autoVegetable\controlBoard\autoVegetable\node_modules\.staging\struct-005183c7
271 silly gunzTarPerm extractEntry LICENSE
272 silly gunzTarPerm modified mode [ 'LICENSE', 420, 438 ]
273 silly gunzTarPerm extractEntry index.js
274 silly gunzTarPerm modified mode [ 'index.js', 420, 438 ]
275 verbose tar unpack D:\userdata\vdmc34\Application Data\npm-cache\struct\0.0.10\package.tgz
276 verbose tar unpacking to d:\work\arduino\autoVegetable\controlBoard\autoVegetable\node_modules\.staging\struct-005183c7
277 silly gentlyRm d:\work\arduino\autoVegetable\controlBoard\autoVegetable\node_modules\.staging\struct-005183c7 is being purged
278 verbose gentlyRm don't care about contents; nuking d:\work\arduino\autoVegetable\controlBoard\autoVegetable\node_modules\.staging\struct-005183c7
279 silly gunzTarPerm extractEntry doc/asyncworker.md
280 silly gunzTarPerm modified mode [ 'doc/asyncworker.md', 436, 438 ]
281 silly gunzTarPerm modes [ '777', '666' ]
282 silly gunzTarPerm extractEntry binding.gyp
283 silly gunzTarPerm modified mode [ 'binding.gyp', 420, 438 ]
284 silly gunzTarPerm extractEntry Makefile
285 silly gunzTarPerm modified mode [ 'Makefile', 420, 438 ]
286 silly gunzTarPerm extractEntry doc/callback.md
287 silly gunzTarPerm modified mode [ 'doc/callback.md', 436, 438 ]
288 silly gunzTarPerm extractEntry doc/converters.md
289 silly gunzTarPerm modified mode [ 'doc/converters.md', 436, 438 ]
290 silly gunzTarPerm extractEntry .travis.yml
291 silly gunzTarPerm modified mode [ '.travis.yml', 420, 438 ]
292 silly gunzTarPerm extractEntry appveyor.yml
293 silly gunzTarPerm modified mode [ 'appveyor.yml', 420, 438 ]
294 silly gunzTarPerm extractEntry doc/errors.md
295 silly gunzTarPerm modified mode [ 'doc/errors.md', 436, 438 ]
296 silly gunzTarPerm extractEntry doc/maybe_types.md
297 silly gunzTarPerm modified mode [ 'doc/maybe_types.md', 436, 438 ]
298 silly gunzTarPerm extractEntry binding.cc
299 silly gunzTarPerm modified mode [ 'binding.cc', 420, 438 ]
300 silly gunzTarPerm extractEntry examples/dealer_router.js
301 silly gunzTarPerm modified mode [ 'examples/dealer_router.js', 420, 438 ]
302 silly gentlyRm d:\work\arduino\autoVegetable\controlBoard\autoVegetable\node_modules\.staging\bindings-7a660f44\node_modules is being purged
303 verbose gentlyRm don't care about contents; nuking d:\work\arduino\autoVegetable\controlBoard\autoVegetable\node_modules\.staging\bindings-7a660f44\node_modules
304 silly gunzTarPerm extractEntry doc/methods.md
305 silly gunzTarPerm modified mode [ 'doc/methods.md', 436, 438 ]
306 silly gunzTarPerm extractEntry doc/new.md
307 silly gunzTarPerm modified mode [ 'doc/new.md', 436, 438 ]
308 silly gunzTarPerm extractEntry examples/pub_sub.js
309 silly gunzTarPerm modified mode [ 'examples/pub_sub.js', 420, 438 ]
310 silly gunzTarPerm extractEntry examples/push_pull.js
311 silly gunzTarPerm modified mode [ 'examples/push_pull.js', 420, 438 ]
312 silly gunzTarPerm extractEntry examples/rep_req.js
313 silly gunzTarPerm modified mode [ 'examples/rep_req.js', 420, 438 ]
314 silly gunzTarPerm extractEntry examples/req_rep.js
315 silly gunzTarPerm modified mode [ 'examples/req_rep.js', 420, 438 ]
316 silly gunzTarPerm extractEntry doc/buffers.md
317 silly gunzTarPerm modified mode [ 'doc/buffers.md', 436, 438 ]
318 silly gunzTarPerm extractEntry doc/object_wrappers.md
319 silly gunzTarPerm modified mode [ 'doc/object_wrappers.md', 436, 438 ]
320 silly gunzTarPerm extractEntry examples/router_dealer.js
321 silly gunzTarPerm modified mode [ 'examples/router_dealer.js', 420, 438 ]
322 silly gunzTarPerm extractEntry examples/rpc.js
323 silly gunzTarPerm modified mode [ 'examples/rpc.js', 420, 438 ]
324 silly gunzTarPerm extractEntry doc/persistent.md
325 silly gunzTarPerm modified mode [ 'doc/persistent.md', 436, 438 ]
326 silly gunzTarPerm extractEntry doc/scopes.md
327 silly gunzTarPerm modified mode [ 'doc/scopes.md', 436, 438 ]
328 silly gunzTarPerm extractEntry examples/devices/forwarder.js
329 silly gunzTarPerm modified mode [ 'examples/devices/forwarder.js', 420, 438 ]
330 silly gunzTarPerm extractEntry examples/devices/queue.js
331 silly gunzTarPerm modified mode [ 'examples/devices/queue.js', 420, 438 ]
332 silly gunzTarPerm extractEntry doc/script.md
333 silly gunzTarPerm modified mode [ 'doc/script.md', 436, 438 ]
334 silly gunzTarPerm extractEntry doc/string_bytes.md
335 silly gunzTarPerm modified mode [ 'doc/string_bytes.md', 436, 438 ]
336 silly gunzTarPerm extractEntry examples/devices/streamer.js
337 silly gunzTarPerm modified mode [ 'examples/devices/streamer.js', 420, 438 ]
338 silly gunzTarPerm extractEntry examples/workers/producer.js
339 silly gunzTarPerm modified mode [ 'examples/workers/producer.js', 420, 438 ]
340 silly gunzTarPerm extractEntry examples/workers/worker.js
341 silly gunzTarPerm modified mode [ 'examples/workers/worker.js', 420, 438 ]
342 silly gunzTarPerm extractEntry History.md
343 silly gunzTarPerm modified mode [ 'History.md', 420, 438 ]
344 silly gunzTarPerm extractEntry doc/v8_internals.md
345 silly gunzTarPerm modified mode [ 'doc/v8_internals.md', 436, 438 ]
346 silly gunzTarPerm extractEntry doc/v8_misc.md
347 silly gunzTarPerm modified mode [ 'doc/v8_misc.md', 436, 438 ]
348 silly gunzTarPerm extractEntry lib/index.js
349 silly gunzTarPerm modified mode [ 'lib/index.js', 420, 438 ]
350 silly gunzTarPerm extractEntry nan.h
351 silly gunzTarPerm modified mode [ 'nan.h', 436, 438 ]
352 silly gunzTarPerm extractEntry nan_callbacks.h
353 silly gunzTarPerm modified mode [ 'nan_callbacks.h', 436, 438 ]
354 silly gunzTarPerm extractEntry nan_callbacks_12_inl.h
355 silly gunzTarPerm modified mode [ 'nan_callbacks_12_inl.h', 436, 438 ]
356 silly gunzTarPerm extractEntry nan_callbacks_pre_12_inl.h
357 silly gunzTarPerm modified mode [ 'nan_callbacks_pre_12_inl.h', 436, 438 ]
358 silly gunzTarPerm extractEntry nan_converters_43_inl.h
359 silly gunzTarPerm modified mode [ 'nan_converters_43_inl.h', 436, 438 ]
360 silly gunzTarPerm extractEntry nan_converters_pre_43_inl.h
361 silly gunzTarPerm modified mode [ 'nan_converters_pre_43_inl.h', 436, 438 ]
362 silly gunzTarPerm extractEntry nan_implementation_12_inl.h
363 silly gunzTarPerm modified mode [ 'nan_implementation_12_inl.h', 436, 438 ]
364 silly gunzTarPerm extractEntry nan_implementation_pre_12_inl.h
365 silly gunzTarPerm modified mode [ 'nan_implementation_pre_12_inl.h', 436, 438 ]
366 silly gunzTarPerm extractEntry nan_maybe_43_inl.h
367 silly gunzTarPerm modified mode [ 'nan_maybe_43_inl.h', 436, 438 ]
368 silly gunzTarPerm extractEntry nan_maybe_pre_43_inl.h
369 silly gunzTarPerm modified mode [ 'nan_maybe_pre_43_inl.h', 436, 438 ]
370 silly gunzTarPerm extractEntry nan_new.h
371 silly gunzTarPerm modified mode [ 'nan_new.h', 436, 438 ]
372 silly gunzTarPerm extractEntry nan_object_wrap.h
373 silly gunzTarPerm modified mode [ 'nan_object_wrap.h', 436, 438 ]
374 silly gunzTarPerm extractEntry nan_persistent_12_inl.h
375 silly gunzTarPerm modified mode [ 'nan_persistent_12_inl.h', 436, 438 ]
376 silly gunzTarPerm extractEntry nan_persistent_pre_12_inl.h
377 silly gunzTarPerm modified mode [ 'nan_persistent_pre_12_inl.h', 436, 438 ]
378 silly gunzTarPerm extractEntry nan_string_bytes.h
379 silly gunzTarPerm modified mode [ 'nan_string_bytes.h', 436, 438 ]
380 silly gunzTarPerm extractEntry nan_typedarray_contents.h
381 silly gunzTarPerm modified mode [ 'nan_typedarray_contents.h', 436, 438 ]
382 silly gunzTarPerm extractEntry nan_weak.h
383 silly gunzTarPerm modified mode [ 'nan_weak.h', 436, 438 ]
384 silly gunzTarPerm extractEntry CHANGELOG.md
385 silly gunzTarPerm modified mode [ 'CHANGELOG.md', 436, 438 ]
386 silly gunzTarPerm extractEntry tools/package.json
387 silly gunzTarPerm modified mode [ 'tools/package.json', 436, 438 ]
388 silly gunzTarPerm extractEntry tools/README.md
389 silly gunzTarPerm modified mode [ 'tools/README.md', 436, 438 ]
390 silly gunzTarPerm extractEntry tools/1to2.js
391 silly gunzTarPerm modified mode [ 'tools/1to2.js', 509, 511 ]
392 silly gunzTarPerm extractEntry test/context.js
393 silly gunzTarPerm modified mode [ 'test/context.js', 420, 438 ]
394 silly gunzTarPerm extractEntry test/socket.monitor.js
395 silly gunzTarPerm modified mode [ 'test/socket.monitor.js', 420, 438 ]
396 silly gunzTarPerm extractEntry package.json
397 silly gunzTarPerm extractEntry test/socket.pair.js
398 silly gunzTarPerm modified mode [ 'test/socket.pair.js', 420, 438 ]
399 silly gunzTarPerm extractEntry test/socket.pub-sub.js
400 silly gunzTarPerm modified mode [ 'test/socket.pub-sub.js', 420, 438 ]
401 silly gunzTarPerm extractEntry test/socket.messages.js
402 silly gunzTarPerm modified mode [ 'test/socket.messages.js', 420, 438 ]
403 silly gunzTarPerm extractEntry test/exports.js
404 silly gunzTarPerm modified mode [ 'test/exports.js', 420, 438 ]
405 silly gunzTarPerm extractEntry test/socket.router.js
406 silly gunzTarPerm modified mode [ 'test/socket.router.js', 420, 438 ]
407 silly gunzTarPerm extractEntry test/socket.stream.js
408 silly gunzTarPerm modified mode [ 'test/socket.stream.js', 420, 438 ]
409 silly gunzTarPerm extractEntry test/socket.unbind.js
410 silly gunzTarPerm modified mode [ 'test/socket.unbind.js', 420, 438 ]
411 silly gunzTarPerm extractEntry test/socket.xpub-xsub.js
412 silly gunzTarPerm modified mode [ 'test/socket.xpub-xsub.js', 420, 438 ]
413 silly gunzTarPerm extractEntry test/socket.js
414 silly gunzTarPerm modified mode [ 'test/socket.js', 420, 438 ]
415 silly gunzTarPerm extractEntry test/socket.zap.js
416 silly gunzTarPerm modified mode [ 'test/socket.zap.js', 420, 438 ]
417 silly gunzTarPerm extractEntry test/socket.events.js
418 silly gunzTarPerm modified mode [ 'test/socket.events.js', 420, 438 ]
419 silly gunzTarPerm extractEntry test/zap.js
420 silly gunzTarPerm modified mode [ 'test/zap.js', 420, 438 ]
421 silly gunzTarPerm extractEntry test/socket.error-callback.js
422 silly gunzTarPerm modified mode [ 'test/socket.error-callback.js', 420, 438 ]
423 silly gunzTarPerm extractEntry test/zmq_proxy.js
424 silly gunzTarPerm modified mode [ 'test/zmq_proxy.js', 420, 438 ]
425 silly gunzTarPerm extractEntry test/zmq_proxy.xpub-xsub.js
426 silly gunzTarPerm modified mode [ 'test/zmq_proxy.xpub-xsub.js', 420, 438 ]
427 silly gunzTarPerm extractEntry test/zmq_proxy.push-pull.js
428 silly gunzTarPerm modified mode [ 'test/zmq_proxy.push-pull.js', 420, 438 ]
429 silly gunzTarPerm extractEntry test/gc.js
430 silly gunzTarPerm modified mode [ 'test/gc.js', 420, 438 ]
431 silly gunzTarPerm extractEntry test/zmq_proxy.router-dealer.js
432 silly gunzTarPerm modified mode [ 'test/zmq_proxy.router-dealer.js', 420, 438 ]
433 silly gunzTarPerm extractEntry test/socket.push-pull.js
434 silly gunzTarPerm modified mode [ 'test/socket.push-pull.js', 420, 438 ]
435 silly gunzTarPerm extractEntry test/zmq_proxy.xrep-xreq.js
436 silly gunzTarPerm modified mode [ 'test/zmq_proxy.xrep-xreq.js', 420, 438 ]
437 silly gunzTarPerm extractEntry test/socket.req-rep.js
438 silly gunzTarPerm modified mode [ 'test/socket.req-rep.js', 420, 438 ]
439 silly gunzTarPerm extractEntry test/mocha.opts
440 silly gunzTarPerm modified mode [ 'test/mocha.opts', 420, 438 ]
441 silly gunzTarPerm extractEntry .editorconfig
442 silly gunzTarPerm modified mode [ '.editorconfig', 420, 438 ]
443 silly gunzTarPerm extractEntry perf/local_lat.js
444 silly gunzTarPerm modified mode [ 'perf/local_lat.js', 420, 438 ]
445 silly gunzTarPerm extractEntry .npmignore
446 silly gunzTarPerm extractEntry README.md
447 silly gunzTarPerm extractEntry perf/local_thr.js
448 silly gunzTarPerm modified mode [ 'perf/local_thr.js', 420, 438 ]
449 silly gunzTarPerm extractEntry perf/remote_lat.js
450 silly gunzTarPerm modified mode [ 'perf/remote_lat.js', 420, 438 ]
451 silly gunzTarPerm extractEntry perf/remote_thr.js
452 silly gunzTarPerm modified mode [ 'perf/remote_thr.js', 420, 438 ]
453 silly gunzTarPerm extractEntry windows/include/zmq.h
454 silly gunzTarPerm modified mode [ 'windows/include/zmq.h', 420, 438 ]
455 silly gunzTarPerm extractEntry LICENSE
456 silly gunzTarPerm extractEntry index.js
457 silly gunzTarPerm extractEntry windows/include/zmq_utils.h
458 silly gunzTarPerm modified mode [ 'windows/include/zmq_utils.h', 420, 438 ]
459 silly gunzTarPerm extractEntry windows/lib/x64/libzmq-v100-mt-4_0_4.dll
460 silly gunzTarPerm modified mode [ 'windows/lib/x64/libzmq-v100-mt-4_0_4.dll', 420, 438 ]
461 silly gunzTarPerm extractEntry samples/issue1.js
462 silly gunzTarPerm extractEntry samples/perfTest.js
463 silly gunzTarPerm extractEntry samples/sample.js
464 silly gunzTarPerm extractEntry windows/lib/x64/libzmq-v100-mt-4_0_4.lib
465 silly gunzTarPerm modified mode [ 'windows/lib/x64/libzmq-v100-mt-4_0_4.lib', 420, 438 ]
466 silly gunzTarPerm extractEntry windows/lib/x86/libzmq-v100-mt-4_0_4.dll
467 silly gunzTarPerm modified mode [ 'windows/lib/x86/libzmq-v100-mt-4_0_4.dll', 420, 438 ]
468 silly gunzTarPerm extractEntry windows/lib/x86/libzmq-v100-mt-4_0_4.lib
469 silly gunzTarPerm modified mode [ 'windows/lib/x86/libzmq-v100-mt-4_0_4.lib', 420, 438 ]
470 silly gentlyRm d:\work\arduino\autoVegetable\controlBoard\autoVegetable\node_modules\.staging\struct-005183c7\node_modules is being purged
471 verbose gentlyRm don't care about contents; nuking d:\work\arduino\autoVegetable\controlBoard\autoVegetable\node_modules\.staging\struct-005183c7\node_modules
472 silly gentlyRm d:\work\arduino\autoVegetable\controlBoard\autoVegetable\node_modules\.staging\nan-ede39c5c\node_modules is being purged
473 verbose gentlyRm don't care about contents; nuking d:\work\arduino\autoVegetable\controlBoard\autoVegetable\node_modules\.staging\nan-ede39c5c\node_modules
474 silly gentlyRm d:\work\arduino\autoVegetable\controlBoard\autoVegetable\node_modules\.staging\zmq-a1f6a959\node_modules is being purged
475 verbose gentlyRm don't care about contents; nuking d:\work\arduino\autoVegetable\controlBoard\autoVegetable\node_modules\.staging\zmq-a1f6a959\node_modules
476 silly doParallel preinstall 4
477 silly preinstall bindings@1.2.1 d:\work\arduino\autoVegetable\controlBoard\autoVegetable\node_modules\.staging\bindings-7a660f44
478 info lifecycle bindings@1.2.1~preinstall: bindings@1.2.1
479 silly preinstall nan@2.3.5 d:\work\arduino\autoVegetable\controlBoard\autoVegetable\node_modules\.staging\nan-ede39c5c
480 info lifecycle nan@2.3.5~preinstall: nan@2.3.5
481 silly preinstall struct@0.0.10 d:\work\arduino\autoVegetable\controlBoard\autoVegetable\node_modules\.staging\struct-005183c7
482 info lifecycle struct@0.0.10~preinstall: struct@0.0.10
483 silly preinstall zmq@2.15.3 d:\work\arduino\autoVegetable\controlBoard\autoVegetable\node_modules\.staging\zmq-a1f6a959
484 info lifecycle zmq@2.15.3~preinstall: zmq@2.15.3
485 silly lifecycle nan@2.3.5~preinstall: no script for preinstall, continuing
486 silly lifecycle struct@0.0.10~preinstall: no script for preinstall, continuing
487 silly lifecycle bindings@1.2.1~preinstall: no script for preinstall, continuing
488 silly lifecycle zmq@2.15.3~preinstall: no script for preinstall, continuing
489 silly doReverseSerial remove 0
490 silly doSerial move 0
491 silly doSerial finalize 4
492 silly finalize d:\work\arduino\autoVegetable\controlBoard\autoVegetable\node_modules\bindings
493 silly finalize d:\work\arduino\autoVegetable\controlBoard\autoVegetable\node_modules\nan
494 silly finalize d:\work\arduino\autoVegetable\controlBoard\autoVegetable\node_modules\struct
495 silly finalize d:\work\arduino\autoVegetable\controlBoard\autoVegetable\node_modules\zmq
496 silly doSerial build 4
497 silly build bindings@1.2.1
498 info linkStuff bindings@1.2.1
499 silly linkStuff bindings@1.2.1 has d:\work\arduino\autoVegetable\controlBoard\autoVegetable\node_modules as its parent node_modules
500 verbose linkBins bindings@1.2.1
501 verbose linkMans bindings@1.2.1
502 silly build nan@2.3.5
503 info linkStuff nan@2.3.5
504 silly linkStuff nan@2.3.5 has d:\work\arduino\autoVegetable\controlBoard\autoVegetable\node_modules as its parent node_modules
505 verbose linkBins nan@2.3.5
506 verbose linkMans nan@2.3.5
507 silly build struct@0.0.10
508 info linkStuff struct@0.0.10
509 silly linkStuff struct@0.0.10 has d:\work\arduino\autoVegetable\controlBoard\autoVegetable\node_modules as its parent node_modules
510 verbose linkBins struct@0.0.10
511 verbose linkMans struct@0.0.10
512 silly build zmq@2.15.3
513 info linkStuff zmq@2.15.3
514 silly linkStuff zmq@2.15.3 has d:\work\arduino\autoVegetable\controlBoard\autoVegetable\node_modules as its parent node_modules
515 verbose linkBins zmq@2.15.3
516 verbose linkMans zmq@2.15.3
517 silly doSerial global-link 0
518 silly doParallel update-linked 0
519 silly doSerial install 4
520 silly install bindings@1.2.1 d:\work\arduino\autoVegetable\controlBoard\autoVegetable\node_modules\.staging\bindings-7a660f44
521 info lifecycle bindings@1.2.1~install: bindings@1.2.1
522 silly lifecycle bindings@1.2.1~install: no script for install, continuing
523 silly install nan@2.3.5 d:\work\arduino\autoVegetable\controlBoard\autoVegetable\node_modules\.staging\nan-ede39c5c
524 info lifecycle nan@2.3.5~install: nan@2.3.5
525 silly lifecycle nan@2.3.5~install: no script for install, continuing
526 silly install struct@0.0.10 d:\work\arduino\autoVegetable\controlBoard\autoVegetable\node_modules\.staging\struct-005183c7
527 info lifecycle struct@0.0.10~install: struct@0.0.10
528 silly lifecycle struct@0.0.10~install: no script for install, continuing
529 silly install zmq@2.15.3 d:\work\arduino\autoVegetable\controlBoard\autoVegetable\node_modules\.staging\zmq-a1f6a959
530 info lifecycle zmq@2.15.3~install: zmq@2.15.3
531 verbose lifecycle zmq@2.15.3~install: unsafe-perm in lifecycle true
532 verbose lifecycle zmq@2.15.3~install: PATH: C:\Program Files\nodejs\node_modules\npm\bin\node-gyp-bin;d:\work\arduino\autoVegetable\controlBoard\autoVegetable\node_modules\zmq\node_modules\.bin;d:\work\arduino\autoVegetable\controlBoard\autoVegetable\node_modules\.bin;c:\Program Files\nodejs;c:\Users\vdmc34\bin;.;C:\Program Files (x86)\Git\local\bin;C:\Program Files (x86)\Git\mingw\bin;C:\Program Files (x86)\Git\bin;c:\Program Files\ConEmu;c:\Program Files\ConEmu\ConEmu;c:\ProgramData\Oracle\Java\javapath;c:\Users\vdmc34\bin\Sencha\Cmd\5.0.3.324;c:\Program Files (x86)\RSA SecurID Token Common;c:\WINDOWS\system32;c:\WINDOWS;c:\WINDOWS\System32\Wbem;c:\WINDOWS\System32\WindowsPowerShell\v1.0\;c:\Program Files\TortoiseSVN\bin;c:\exVim\vim74;c:\exVim\bin;c:\Program Files\Microsoft SQL Server\110\Tools\Binn\;c:\Program Files\Microsoft SQL Server\120\Tools\Binn\;c:\Program Files\doxygen\bin;c:\Program Files (x86)\SafeCom\SafeComPrintClient;c:\Program Files (x86)\WebEx\Productivity Tools;c:\Program Files (x86)\GitExtensions\;c:\Program Files (x86)\Windows Kits\8.1\Windows Performance Toolkit\;c:\Program Files (x86)\Microsoft SDKs\TypeScript\1.0\;c:\Program Files (x86)\Sennheiser\SoftphoneSDK\;c:\Program Files\nodejs\;c:\Ruby21-x64\bin;c:\Program Files (x86)\SSH Communications Security\SSH Secure Shell;c:\exVim\bin;c:\exVim\graphviz\bin;c:\exVim\vim74;c:\exVim\bin;c:\Users\vdmc34\AppData\Local\Pandoc\;c:\Users\vdmc34\AppData\Local\atom\bin;d:\userdata\vdmc34\Application Data\npm;c:\exVim\vim74;c:\exVim\bin;c:\exVim\vim74;c:\exVim\bin
533 verbose lifecycle zmq@2.15.3~install: CWD: d:\work\arduino\autoVegetable\controlBoard\autoVegetable\node_modules\zmq
534 silly lifecycle zmq@2.15.3~install: Args: [ '/d /s /c', 'node-gyp rebuild' ]
535 silly lifecycle zmq@2.15.3~install: Returned: code: 1  signal: null
536 info lifecycle zmq@2.15.3~install: Failed to exec install script
537 verbose unlock done using D:\userdata\vdmc34\Application Data\npm-cache\_locks\staging-905ff2b7c9dfc2a4.lock for d:\work\arduino\autoVegetable\controlBoard\autoVegetable\node_modules\.staging
538 silly rollbackFailedOptional Starting
539 silly rollbackFailedOptional Finishing
540 silly runTopLevelLifecycles Starting
541 silly runTopLevelLifecycles Finishing
542 silly install printInstalled
543 verbose stack Error: zmq@2.15.3 install: `node-gyp rebuild`
543 verbose stack Exit status 1
543 verbose stack     at EventEmitter.<anonymous> (C:\Program Files\nodejs\node_modules\npm\lib\utils\lifecycle.js:239:16)
543 verbose stack     at emitTwo (events.js:106:13)
543 verbose stack     at EventEmitter.emit (events.js:191:7)
543 verbose stack     at ChildProcess.<anonymous> (C:\Program Files\nodejs\node_modules\npm\lib\utils\spawn.js:24:14)
543 verbose stack     at emitTwo (events.js:106:13)
543 verbose stack     at ChildProcess.emit (events.js:191:7)
543 verbose stack     at maybeClose (internal/child_process.js:850:16)
543 verbose stack     at Process.ChildProcess._handle.onexit (internal/child_process.js:215:5)
544 verbose pkgid zmq@2.15.3
545 verbose cwd d:\work\arduino\autoVegetable\controlBoard\autoVegetable
546 error Windows_NT 6.1.7601
547 error argv "c:\\Program Files\\nodejs\\node.exe" "c:\\Program Files\\nodejs\\node_modules\\npm\\bin\\npm-cli.js" "install" "zmq" "--save"
548 error node v6.1.0
549 error npm  v3.8.6
550 error code ELIFECYCLE
551 error zmq@2.15.3 install: `node-gyp rebuild`
551 error Exit status 1
552 error Failed at the zmq@2.15.3 install script 'node-gyp rebuild'.
552 error Make sure you have the latest version of node.js and npm installed.
552 error If you do, this is most likely a problem with the zmq package,
552 error not with npm itself.
552 error Tell the author that this fails on your system:
552 error     node-gyp rebuild
552 error You can get information on how to open an issue for this project with:
552 error     npm bugs zmq
552 error Or if that isn't available, you can get their info via:
552 error     npm owner ls zmq
552 error There is likely additional logging output above.
553 verbose exit [ 1, true ]
